http://pbs.twimg.com/media/C4JMqcpWYAAVUY7.jpg
http://pbs.twimg.com/media/C6GhQW7WAAUaxD-.jpg
http://pbs.twimg.com/media/C9R5Za4XoAEejRy.jpg
http://pbs.twimg.com/media/D-9YHYDWkAAalLJ.jpg
http://pbs.twimg.com/media/D-Ehzi4XoAEzBI-.jpg
http://pbs.twimg.com/media/D-EslQEXkAAc53O.jpg
http://pbs.twimg.com/media/D-T7D44X4AEt5Aa.jpg
http://pbs.twimg.com/media/D-THgMxXoAYyJkE.jpg
http://pbs.twimg.com/media/D-Yqh38WkAE9PbC.jpg
http://pbs.twimg.com/media/D-iioWhXsAAqMhX.jpg
http://pbs.twimg.com/media/D-yFYHfXkAA93fu.jpg
http://pbs.twimg.com/media/D06K7X4XcAAfdyt.jpg
http://pbs.twimg.com/media/D0VoJPcVsAEWqpX.jpg
http://pbs.twimg.com/media/D0_KESiX4AAQdzU.jpg
http://pbs.twimg.com/media/D0anLa8XQAApUs_.jpg
http://pbs.twimg.com/media/D0gxlnUX4AItt0m.jpg
http://pbs.twimg.com/media/D18iu43X0AApUUJ.jpg
http://pbs.twimg.com/media/D1IvM6TXQAELpqb.jpg
http://pbs.twimg.com/media/D1SuaqlX4AAP0oe.jpg
http://pbs.twimg.com/media/D1Y9WQzWwAAikpY.jpg
http://pbs.twimg.com/media/D1kD82SW0AEebLp.jpg
http://pbs.twimg.com/media/D2MDS2GW0AAkyVI.png
http://pbs.twimg.com/media/D2VoPQPW0AAc44q.jpg
http://pbs.twimg.com/media/D2gBl34XQAAqkOC.jpg
http://pbs.twimg.com/media/D2qGqo3XcAMde2k.jpg
http://pbs.twimg.com/media/D2rRRmbWsAIzPu0.jpg
http://pbs.twimg.com/media/D3TrEd-XkAAc5zv.jpg
http://pbs.twimg.com/media/D3eh8YNXoAEC0WS.jpg
http://pbs.twimg.com/media/D3unHDsX4AI7MX-.jpg
http://pbs.twimg.com/media/D3zHCP5WkAA441z.jpg
http://pbs.twimg.com/media/D3zsS2wXsAEAYl4.jpg
http://pbs.twimg.com/media/D48L1dSXoAIh4o2.jpg
http://pbs.twimg.com/media/D48VMO-XkAE4Pn5.jpg
http://pbs.twimg.com/media/D4_D5kjWwAARens.jpg
http://pbs.twimg.com/media/D4cvq72WAAAqDL2.jpg
http://pbs.twimg.com/media/D4qzhoAWkAAdMFX.jpg
http://pbs.twimg.com/media/D55ZWyHWwAAaahw.jpg
http://pbs.twimg.com/media/D56JpOoXoAAbRMg.jpg
http://pbs.twimg.com/media/D6I_-auW4AAzVwU.jpg
http://pbs.twimg.com/media/D6O4UhAWwAAR3fh.jpg
http://pbs.twimg.com/media/D7KImM2W0AAbDot.jpg
http://pbs.twimg.com/media/D7QjgU4WsAEUjuW.jpg
http://pbs.twimg.com/media/D7WxXujW4AEgx72.jpg
http://pbs.twimg.com/tweet_video_thumb/D7fHficXkAAy-p0.jpg
http://pbs.twimg.com/media/D7kgjltXoAA7_5R.jpg
http://pbs.twimg.com/media/D7lRjfhXkAoibBe.jpg
http://pbs.twimg.com/media/D8C9Mg0XsAAwmc8.jpg
http://pbs.twimg.com/media/D8E4q8PXUAAdq4i.jpg
http://pbs.twimg.com/media/D8OEJVDXkAAtQky.jpg
http://pbs.twimg.com/media/D8fC_JmXYAADA6Q.jpg
http://pbs.twimg.com/media/D8ug6SJXkAEq0Iw.jpg
http://pbs.twimg.com/media/D908_D0X4AIJzyq.png
http://pbs.twimg.com/media/D97t8pRXoAAkR-3.jpg
http://pbs.twimg.com/media/D9QVxjjW4AAFDT1.jpg
http://pbs.twimg.com/media/D9U9DlYWwAAPzg-.jpg
http://pbs.twimg.com/media/D9lspYfXoAEGkB4.jpg
http://pbs.twimg.com/media/DAbeRdZXYAAA6TF.jpg
http://pbs.twimg.com/media/DDMKoncW0AA1P4W.jpg
http://pbs.twimg.com/media/DGoDURmXYAAIRGq.jpg
http://pbs.twimg.com/media/DIEY0DOWsAALGwl.jpg
http://pbs.twimg.com/media/DIKKL10XkAEouhS.jpg
http://pbs.twimg.com/media/DK31mOWWkAATcvo.jpg
http://pbs.twimg.com/media/DKA1W1xXcAoS31t.jpg
http://pbs.twimg.com/media/DM6fcC2XUAEqdRo.jpg
http://pbs.twimg.com/media/DNuGn61WsAU6PYa.jpg
http://pbs.twimg.com/media/DQYCWBcX4AAU7jY.jpg
http://pbs.twimg.com/media/DQdF3gGVoAAHcn2.jpg
http://pbs.twimg.com/media/DRkqi3KWAAAD73a.jpg
http://pbs.twimg.com/media/DXdJm22XcAAdfJN.jpg
http://pbs.twimg.com/media/D_g3yp1WkAAsKjG.jpg
http://pbs.twimg.com/media/D_oXLJPXUAA0uX9.jpg
http://pbs.twimg.com/media/DavczwlWkAAkZH_.jpg
http://pbs.twimg.com/media/DbP_XpQWkAEaVn9.jpg
http://pbs.twimg.com/media/DhBZq0jWkAE2c7W.jpg
http://pbs.twimg.com/media/DhCTbC5XcAASHC2.jpg
http://pbs.twimg.com/media/DhsFe-QWAAEj9-j.jpg
http://pbs.twimg.com/media/Dj24EbvXsAAKD-K.jpg
http://pbs.twimg.com/media/DkZG537X4AA0sdU.jpg
http://pbs.twimg.com/media/DkZq_WxWwAAWF6B.jpg
http://pbs.twimg.com/media/DkZrEHeX0AAqNTz.jpg
http://pbs.twimg.com/media/DkaHLgbXcAE1mOP.jpg
http://pbs.twimg.com/media/DmMVSXMW4AE9Uhy.jpg
http://pbs.twimg.com/media/Dmf045XX0AciqTM.jpg
http://pbs.twimg.com/media/DoNJfwWXkAIuPGb.jpg
http://pbs.twimg.com/media/DoNNtPLXgAAy_Gd.jpg
http://pbs.twimg.com/media/Dp9gWGoXQAIbonX.jpg
http://pbs.twimg.com/media/DpPzmQnXcAM160u.jpg
http://pbs.twimg.com/media/Dr9KFKjX0AEEnRs.jpg
http://pbs.twimg.com/media/DtLkHlnXQAAtsCa.jpg
http://pbs.twimg.com/media/DtZ1pnQWkAEk-Bz.jpg
http://pbs.twimg.com/media/Dtf3QEuW0AEriuf.jpg
http://pbs.twimg.com/media/DuNUfq9XQAESRXC.jpg
http://pbs.twimg.com/media/DuYhcupXgAU23Hb.jpg
http://pbs.twimg.com/media/DuddtgvXgAAHyzw.jpg
http://pbs.twimg.com/media/DuehXrRW4AIwVlD.jpg
http://pbs.twimg.com/media/DwKGi_QX0AA5He1.jpg
http://pbs.twimg.com/media/Dwis25iW0AEO5PU.jpg
http://pbs.twimg.com/media/DwjeCW9X0AUEUEX.jpg
http://pbs.twimg.com/media/Dx8a2BFXgAAwjW-.jpg
http://pbs.twimg.com/media/DxN1XLGXcAIRLR0.jpg
http://pbs.twimg.com/media/DxSSUedW0AA2W0Y.jpg
http://pbs.twimg.com/media/DxivSxMX0AEYUnq.jpg
http://pbs.twimg.com/media/DxtstmzWsAABJiJ.jpg
http://pbs.twimg.com/media/Dy0zY5wXgAAdz6E.jpg
http://pbs.twimg.com/media/Dy9lQ4AWwAA5Mhx.jpg
http://pbs.twimg.com/media/DyFzqRuX4AUltpY.jpg
http://pbs.twimg.com/media/DyUEvkWW0AAZ5vY.jpg
http://pbs.twimg.com/media/DylYiETWoAA6xvz.jpg
http://pbs.twimg.com/media/DyqQX3IWwAAoyns.jpg
http://pbs.twimg.com/media/DyuTbJ0WwAAUZ8t.jpg
http://pbs.twimg.com/media/DyzYE5-W0AAMcTR.jpg
http://pbs.twimg.com/media/Dz2_drDWsAYUY6_.jpg
http://pbs.twimg.com/media/DzDL0kVWwAAwvVS.jpg
http://pbs.twimg.com/media/DzDzJwyWwAUznZp.jpg
http://pbs.twimg.com/media/DzTVIixWoAAe0fP.jpg
http://pbs.twimg.com/media/DztECGgWsAA2pVw.jpg
http://pbs.twimg.com/media/E-6-TfNWQAIvAsN.jpg
http://pbs.twimg.com/media/E-64IqaWUAkkImm.jpg
http://pbs.twimg.com/media/E-6QeY9XsA0FErf.png
http://pbs.twimg.com/media/E-8MN30XIAY3Zmx.jpg
http://pbs.twimg.com/media/E-BwC4yWYAEEwXL.jpg
http://pbs.twimg.com/media/E-CyvDaWYAUHJad.jpg
http://pbs.twimg.com/media/E-IYfbpXEAIdRb9.jpg
http://pbs.twimg.com/media/E-JEcHSWYAkHi1S.jpg
http://pbs.twimg.com/media/E-Na0e8XIAUnzwh.jpg
http://pbs.twimg.com/media/E-SxnQ5XMAADT4q.jpg
http://pbs.twimg.com/tweet_video_thumb/E-V7fw6XsAAmDXj.jpg
http://pbs.twimg.com/media/E-WVV13XMAUCc9D.jpg
http://pbs.twimg.com/media/E-Yat8HXIAcVb8m.jpg
http://pbs.twimg.com/media/E-by_zeWEAQ4w7v.jpg
http://pbs.twimg.com/media/E-ggIsOXIAIiCjv.jpg
http://pbs.twimg.com/media/E-gsuIBWYAQkkwp.jpg
http://pbs.twimg.com/media/E-lQ7GbWEAMw_Y7.jpg
http://pbs.twimg.com/media/E-mn_7vXoAUI8nT.jpg
http://pbs.twimg.com/media/E-wdOu5WUAEHwiT.jpg
http://pbs.twimg.com/media/E02yAT2XIAAj-cC.png
http://pbs.twimg.com/media/E04_G-RWEAQplED.jpg
http://pbs.twimg.com/media/E07gmQoXEAEqeU3.jpg
http://pbs.twimg.com/media/E08ptLkWUAIGb1R.jpg
http://pbs.twimg.com/media/E0DWco4X0AEAeNU.jpg
http://pbs.twimg.com/media/E0I-APfXsAUewP3.png
http://pbs.twimg.com/media/E0I8ShIWUAQkJqD.jpg
http://pbs.twimg.com/media/E0JC0PXXIAIAxYo.jpg
http://pbs.twimg.com/media/E0KWVypXoAIc0iA.jpg
http://pbs.twimg.com/media/E0NZ__AWYAEgFsG.png
http://pbs.twimg.com/media/E0OOT1gWQAErszs.jpg
http://pbs.twimg.com/media/E0SiB78WUAEXGHx.jpg
http://pbs.twimg.com/media/E0dG0XMX0AEjlRq.jpg
http://pbs.twimg.com/media/E0dllr-XoAccCgA.jpg
http://pbs.twimg.com/media/E0e67f6WUAkH_Ng.jpg
http://pbs.twimg.com/media/E0izl9UWYAAv7tF.jpg
http://pbs.twimg.com/media/E0kO0jyX0AEAyxs.jpg
http://pbs.twimg.com/media/E0uYfg9XoAASVFD.jpg
http://pbs.twimg.com/media/E0uab-5WYAAdZK5.jpg
http://pbs.twimg.com/media/E0xT3hIWEAAlYBc.jpg
http://pbs.twimg.com/media/E0zWbYAXoAMQFEG.jpg
http://pbs.twimg.com/media/E11YLdTX0AEQDQA.jpg
http://pbs.twimg.com/media/E1AoySQWYAAKIcR.jpg
http://pbs.twimg.com/media/E1SoXPOXIAYJpCL.jpg
http://pbs.twimg.com/media/E1boQpfWEAEyYya.jpg
http://pbs.twimg.com/media/E1g6-YPXIAIECNz.jpg
http://pbs.twimg.com/media/E1l3f58XsAIqfY-.jpg
http://pbs.twimg.com/media/E1rZv-LWYAkIsdf.jpg
http://pbs.twimg.com/media/E20dYyWWEA44hnb.png
http://pbs.twimg.com/media/E20jJcmWQAI8gg3.jpg
http://pbs.twimg.com/media/E23T4GAX0Aov1uw.jpg
http://pbs.twimg.com/media/E24JLThWUAQiwDY.jpg
http://pbs.twimg.com/media/E296B3fWYAgf_2S.png
http://pbs.twimg.com/media/E29wkUrVUAshx3n.jpg
http://pbs.twimg.com/media/E2FircIX0AEHfbY.jpg
http://pbs.twimg.com/media/E2Ih4RcWUAAUkbS.jpg
http://pbs.twimg.com/media/E2T-aSpWUAEAGsQ.jpg
http://pbs.twimg.com/media/E2VcvzpXoAAaMyo.jpg
http://pbs.twimg.com/media/E2YOoMeX0AI78v5.jpg
http://pbs.twimg.com/media/E2Z1saiWEAIJ2DS.png
http://pbs.twimg.com/media/E2ZdliuXMAE0TVa.png
http://pbs.twimg.com/media/E2aCEuVWQAc5IZc.jpg
http://pbs.twimg.com/media/E2d1WdqWQAA76Hi.jpg
http://pbs.twimg.com/media/E2eA0nOWYAIz6On.jpg
http://pbs.twimg.com/media/E2j7dGGWEAc8ve4.jpg
http://pbs.twimg.com/media/E2k5EZGWEAcXcvW.png
http://pbs.twimg.com/media/E2k88Q6XIAACtTz.png
http://pbs.twimg.com/media/E2oQdDyXIAg0Uee.jpg
http://pbs.twimg.com/media/E2pF9lZXIAMMdIQ.jpg
http://pbs.twimg.com/media/E2yJOe_XMAADVEK.png
http://pbs.twimg.com/media/E2zEXL8XEAQOR8B.jpg
http://pbs.twimg.com/media/E300cFoXIAMRjEe.jpg
http://pbs.twimg.com/media/E36VqzZXMAAW3Ky.jpg
http://pbs.twimg.com/media/E37F6l6X0AE_YLm.jpg
http://pbs.twimg.com/media/E3CE-S4XoAMUmct.jpg
http://pbs.twimg.com/media/E3EDYa3WUAUQaiZ.png
http://pbs.twimg.com/media/E3IkseiXoAEqj2I.jpg
http://pbs.twimg.com/media/E3L-4xRXMAYBOpo.png
http://pbs.twimg.com/media/E3SG-pEWUAABi2a.jpg
http://pbs.twimg.com/media/E3SRWXtWEAQQNID.png
http://pbs.twimg.com/media/E3TJOpeXMAQwP8r.png
http://pbs.twimg.com/media/E3TJpSJX0AYj32f.jpg
http://pbs.twimg.com/media/E3TdxEqX0AAdFDB.jpg
http://pbs.twimg.com/media/E3cLbxbXIAMNM28.png
http://pbs.twimg.com/media/E3jKEE_WQAAJXj7.jpg
http://pbs.twimg.com/media/E3oNnQ-WYAkOoWR.jpg
http://pbs.twimg.com/media/E3otC7TXwAMCBl4.jpg
http://pbs.twimg.com/media/E3wmGucXEAARyBw.jpg
http://pbs.twimg.com/media/E3yO7VEWYAE0wsD.png
http://pbs.twimg.com/media/E43m_KgXMAAaUi9.jpg
http://pbs.twimg.com/media/E49Kl1bWYAQFK7O.png
http://pbs.twimg.com/media/E49t3c7WQAA3r5x.jpg
http://pbs.twimg.com/media/E4ARfqeVIAEKgyq.jpg
http://pbs.twimg.com/media/E4GYkkdWUAcz8zj.jpg
http://pbs.twimg.com/media/E4Koq4fXMAMqFiY.jpg
http://pbs.twimg.com/media/E4KqPOlWUAIVxs9.jpg
http://pbs.twimg.com/media/E4UCjhYXoAE_x2y.jpg
http://pbs.twimg.com/media/E4VmdBVXoAMFeC8.png
http://pbs.twimg.com/media/E4_seUUXMAkWzbQ.jpg
http://pbs.twimg.com/media/E4f5YQQWUAY0aXI.jpg
http://pbs.twimg.com/media/E4qYgJMXwAs1Mdb.jpg
http://pbs.twimg.com/media/E4qgPUVXoAAkmLq.jpg
http://pbs.twimg.com/media/E4qz_TlXoAQtM26.png
http://pbs.twimg.com/media/E4tSs16X0AQcZ3W.jpg
http://pbs.twimg.com/media/E4ujE97XwAIbXJq.jpg
http://pbs.twimg.com/media/E58wIlDXMAQ7_oe.jpg
http://pbs.twimg.com/media/E5CTg_eXEAAoTnG.jpg
http://pbs.twimg.com/media/E5Exc94XwAUT_cy.png
http://pbs.twimg.com/media/E5IX_E8WUAk_QPB.png
http://pbs.twimg.com/media/E5M9v3IWEAQjARe.jpg
http://pbs.twimg.com/media/E5NzpReVEBU03kZ.jpg
http://pbs.twimg.com/media/E5S7ehOWEAQMhbT.png
http://pbs.twimg.com/media/E5YNWxxWEAEiN8M.jpg
http://pbs.twimg.com/media/E5cD5KMWUAANqsd.jpg
http://pbs.twimg.com/media/E5ho3aLXIAM0Qrz.jpg
http://pbs.twimg.com/tweet_video_thumb/E5mt0h0XEAESd7m.jpg
http://pbs.twimg.com/media/E5nIxqUX0AAa9C2.jpg
http://pbs.twimg.com/media/E5s4jsaX0AM_jyW.jpg
http://pbs.twimg.com/media/E5x20E3UUAwJ9Ws.jpg
http://pbs.twimg.com/media/E65DD0cWYAApGhq.jpg
http://pbs.twimg.com/media/E65nsIoXsAMQ1Xv.jpg
http://pbs.twimg.com/media/E6F2FKPXoAApyp3.png
http://pbs.twimg.com/media/E6HpXvbXoAItPsF.jpg
http://pbs.twimg.com/media/E6M1LPFXsAUvtUe.jpg
http://pbs.twimg.com/media/E6S8gwwXIA0vUm_.png
http://pbs.twimg.com/media/E6UOcPsWEAASh5K.jpg
http://pbs.twimg.com/media/E6W_In0XsAULouW.jpg
http://pbs.twimg.com/media/E6_Cw9TXEAkuMPA.png
http://pbs.twimg.com/media/E6aG1oxXIAEuAGi.jpg
http://pbs.twimg.com/media/E6aYB1KWUAIXVxi.jpg
http://pbs.twimg.com/media/E6lkU0KWUAMClW9.jpg
http://pbs.twimg.com/media/E6qo-gDX0AcYR83.jpg
http://pbs.twimg.com/media/E6u5clrX0Ak4G5i.jpg
http://pbs.twimg.com/media/E6wAwIsWQAEp51_.jpg
http://pbs.twimg.com/media/E6zuMnpWQAEGxjM.jpg
http://pbs.twimg.com/media/E7DYCj8XMAIcepF.jpg
http://pbs.twimg.com/media/E7PKHx-XIAEIISR.jpg
http://pbs.twimg.com/media/E7Uq3o2XMAIFYjA.jpg
http://pbs.twimg.com/tweet_video_thumb/E7X_injXsAMIBcV.jpg
http://pbs.twimg.com/media/E7jo7y_WQAYb9vW.jpg
http://pbs.twimg.com/media/E7oDH0uXoAYCs6d.jpg
http://pbs.twimg.com/media/E7pRA-iXMAw3JHE.png
http://pbs.twimg.com/media/E81DWWTWUAE-914.jpg
http://pbs.twimg.com/media/E8F7iLKXMAAHfI6.jpg
http://pbs.twimg.com/media/E8HGhn8XsAgdiTr.jpg
http://pbs.twimg.com/media/E8R-_AOXMAUGW_6.jpg
http://pbs.twimg.com/media/E8WlVkIXEAUTFRt.jpg
http://pbs.twimg.com/media/E8XJJnlX0AItM0G.jpg
http://pbs.twimg.com/media/E8_Tz12WQAMV6bG.jpg
http://pbs.twimg.com/media/E8a24RwXsAE78zq.jpg
http://pbs.twimg.com/media/E8agjfWWYB0dMx8.png
http://pbs.twimg.com/media/E8cuZYKWUAQdOtC.jpg
http://pbs.twimg.com/media/E8dBmakXIA84XVQ.png
http://pbs.twimg.com/media/E8g97Q5WUAYRYTg.png
http://pbs.twimg.com/media/E8iCrkfX0AAKa5N.jpg
http://pbs.twimg.com/media/E8lWeoHXIAIjyaW.jpg
http://pbs.twimg.com/media/E8qDYQHWUAI-krD.jpg
http://pbs.twimg.com/media/E8rYsIJX0AMCbae.jpg
http://pbs.twimg.com/media/E8rqYDZXoAAY6o2.jpg
http://pbs.twimg.com/media/E8wD7XiXsAYsLsP.jpg
http://pbs.twimg.com/media/E9-bIyAWEAIO-nB.jpg
http://pbs.twimg.com/media/E90V3AlX0AcNOqZ.jpg
http://pbs.twimg.com/media/E93g3SGWUAYF5xW.jpg
http://pbs.twimg.com/media/E98q5E1WQAYQMlJ.jpg
http://pbs.twimg.com/media/E99R4v_XoAQgD5X.jpg
http://pbs.twimg.com/media/E99gArXXMAMzenS.jpg
http://pbs.twimg.com/media/E9AnAx4X0AspUwb.jpg
http://pbs.twimg.com/media/E9BNjY1WQAM7IPS.jpg
http://pbs.twimg.com/media/E9Fj7NyXsAA-WlE.jpg
http://pbs.twimg.com/media/E9JFg-XXMAMoLJ-.jpg
http://pbs.twimg.com/media/E9ObgnDWEAIX1ky.jpg
http://pbs.twimg.com/media/E9VN2qsWEAAilt-.jpg
http://pbs.twimg.com/media/E9VWsDWXsAINM0J.jpg
http://pbs.twimg.com/media/E9dgTtLWEAUrbua.jpg
http://pbs.twimg.com/media/E9eW5h_WQAMYTmm.jpg
http://pbs.twimg.com/media/E9eryQ1XIAAXrQP.jpg
http://pbs.twimg.com/media/E9f6clyXsAEEJDC.jpg
http://pbs.twimg.com/media/E9fg2K9XEAY6evc.jpg
http://pbs.twimg.com/media/E9gQa3xXoAIrxnk.jpg
http://pbs.twimg.com/media/E9i-NXSXIAAyVyv.jpg
http://pbs.twimg.com/media/E9inBBOWUAoUp0K.jpg
http://pbs.twimg.com/media/E9jDpGZXMBYL4kj.jpg
http://pbs.twimg.com/media/E9nuaj9XsAIN3Ek.jpg
http://pbs.twimg.com/media/E9ofuO3WEAI0D0H.jpg
http://pbs.twimg.com/media/E9s_HJaXEAANZZH.jpg
http://pbs.twimg.com/media/E9zJu2YXMAE6e2L.jpg
http://pbs.twimg.com/media/EAE95O1XkAAfAak.jpg
http://pbs.twimg.com/media/EAQtZ18XYAALZt7.png
http://pbs.twimg.com/media/EAV8d97X4AAvZe4.jpg
http://pbs.twimg.com/media/EAfXkZfWkAAu54z.jpg
http://pbs.twimg.com/media/EAlPneOW4AA3uPD.jpg
http://pbs.twimg.com/media/EBI3YntXUAAM0jM.jpg
http://pbs.twimg.com/media/EBN4yEYX4AEJ-zb.jpg
http://pbs.twimg.com/media/EBygwkGWkAAiJhB.jpg
http://pbs.twimg.com/media/EC4anOFXsAEP58G.jpg
http://pbs.twimg.com/media/ECa-TdQWkAEKaII.jpg
http://pbs.twimg.com/media/ECkKdzaXkAAjS6y.jpg
http://pbs.twimg.com/media/EDSh37IX4AIQU-F.jpg
http://pbs.twimg.com/media/EDjRcY2WsAErZXz.jpg
http://pbs.twimg.com/media/EE10d_RXYAElPpw.jpg
http://pbs.twimg.com/media/EE7CXpKWsAEPhhc.jpg
http://pbs.twimg.com/media/EEDOfLtXsAAndHa.jpg
http://pbs.twimg.com/media/EESESeZW4AICbkD.jpg
http://pbs.twimg.com/media/EErkBOzWkAU8S9g.jpg
http://pbs.twimg.com/media/EFDtoD_WsAAzXdM.jpg
http://pbs.twimg.com/media/EFKxQfWWwAA9vKM.png
http://pbs.twimg.com/media/EG6f7jiWoAAXqa0.png
http://pbs.twimg.com/media/EGRF6T1WwAAA-Q_.jpg
http://pbs.twimg.com/media/EGnUhU7XYAAv8q0.jpg
http://pbs.twimg.com/media/EGsPGHjXUAIraqD.png
http://pbs.twimg.com/media/EGsuDpmW4AAyYtT.jpg
http://pbs.twimg.com/media/EH54MTqXYAIX0VX.jpg
http://pbs.twimg.com/media/EHomlQyXkAE7JsN.jpg
http://pbs.twimg.com/media/EHqZd6eWsAArUBf.jpg
http://pbs.twimg.com/media/EHz7Gr0X4AMOUeY.jpg
http://pbs.twimg.com/media/EI3uBxWWkAE3v1K.jpg
http://pbs.twimg.com/media/EI8WDUBWoAUbeBF.jpg
http://pbs.twimg.com/media/EIEE1HxX0AAWLFn.png
http://pbs.twimg.com/media/EJ1auY-XUAAFJgl.jpg
http://pbs.twimg.com/media/EJFkl8TXUAE6Fs0.jpg
http://pbs.twimg.com/media/EJWxOlzXkAAaG4x.jpg
http://pbs.twimg.com/media/EJvXralWwAAtDaS.png
http://pbs.twimg.com/media/EK4GuGJXYAA_N8w.jpg
http://pbs.twimg.com/media/EKYiQ0eWsAUu4zF.jpg
http://pbs.twimg.com/media/EKpGRjmXkAEFoqV.jpg
http://pbs.twimg.com/media/EL6jByfWoAEFvyo.jpg
http://pbs.twimg.com/media/ELbY7uXWoAAszOA.jpg
http://pbs.twimg.com/media/ELmbiiMWkAglO16.jpg
http://pbs.twimg.com/media/ELqEiqJWwAE982q.jpg
http://pbs.twimg.com/media/ELv6EDPWwAAHk6w.jpg
http://pbs.twimg.com/media/ELvngjzW4AE4RN9.png
http://pbs.twimg.com/media/EMNeukeVAAA-NSo.jpg
http://pbs.twimg.com/media/EMVxHAUXkAExr4_.jpg
http://pbs.twimg.com/media/EMYs2gSW4AABKP_.jpg
http://pbs.twimg.com/media/EMalRbdX0AE2j_R.jpg
http://pbs.twimg.com/media/EMapJ0jXUAAbkeU.jpg
http://pbs.twimg.com/media/EN26T08VAAAPL4T.jpg
http://pbs.twimg.com/media/ENc5BY2W4AIwB05.png
http://pbs.twimg.com/media/ENm5dFeU4AEhx44.png
http://pbs.twimg.com/media/EOKXhz2XUAAMIVU.jpg
http://pbs.twimg.com/media/EOPLuUSWsAE_r6z.jpg
http://pbs.twimg.com/media/EOuMimaW4AEJM-J.jpg
http://pbs.twimg.com/media/EOudzGlWAAApGrW.jpg
http://pbs.twimg.com/media/EOwJuwIXsAI_Zj_.jpg
http://pbs.twimg.com/media/EQA_8ovWsAQD6sO.jpg
http://pbs.twimg.com/media/EQrp2DIXUAI1Zhx.jpg
http://pbs.twimg.com/media/EQvy9gIXYAA4qnN.jpg
http://pbs.twimg.com/media/ERJtOKIWAAMlFRa.jpg
http://pbs.twimg.com/media/EROGF1MXYAAA5Mb.jpg
http://pbs.twimg.com/media/ERO_vPFW4AAhffW.jpg
http://pbs.twimg.com/media/ERnhxtuWoAAkZwk.jpg
http://pbs.twimg.com/media/ERyCT8yW4AAkh3A.jpg
http://pbs.twimg.com/media/ERyMbgwWoAYsnNH.png
http://pbs.twimg.com/media/ES6NmZ5WAAErcQV.png
http://pbs.twimg.com/media/ESChRP5W4AMEXpn.jpg
http://pbs.twimg.com/media/ESG2VumXkAAeE9A.jpg
http://pbs.twimg.com/media/ESRSNuPWAAA1czN.jpg
http://pbs.twimg.com/media/ET8Vx40XYAAOVRn.jpg
http://pbs.twimg.com/media/ETJRDVTX0AAAxu4.jpg
http://pbs.twimg.com/media/ETKiMgKXYAci-3s.jpg
http://pbs.twimg.com/media/ETdJOD-XYAAO-HD.jpg
http://pbs.twimg.com/media/ETffsTlWkAEBadA.jpg
http://pbs.twimg.com/media/ETkiuaNWkAQBCab.jpg
http://pbs.twimg.com/media/EU10ZTeWkAAgFAA.jpg
http://pbs.twimg.com/media/EU2u-93X0AEPZKJ.jpg
http://pbs.twimg.com/media/EUG-xFQXsAE1xPt.jpg
http://pbs.twimg.com/media/EUIsvx_XQAIx7hK.jpg
http://pbs.twimg.com/media/EUObNDJWoAA_cAY.jpg
http://pbs.twimg.com/media/EUXp-8hX0AML9bY.png
http://pbs.twimg.com/media/EU_1zYKXgAIE7cr.jpg
http://pbs.twimg.com/media/EUhXNd1XgAIFCP2.jpg
http://pbs.twimg.com/media/EUquid0UYAMUSMW.jpg
http://pbs.twimg.com/media/EV5bL6UXQAA6h6t.jpg
http://pbs.twimg.com/tweet_video_thumb/EVEoW5MWAAAMBFg.jpg
http://pbs.twimg.com/media/EVFha0rUMAYJF5E.jpg
http://pbs.twimg.com/media/EVUr2-IWoAQkpaE.jpg
http://pbs.twimg.com/media/EVjAjG4WAAIQ3xJ.jpg
http://pbs.twimg.com/tweet_video_thumb/EVurCh-XgAA4Cdd.jpg
http://pbs.twimg.com/media/EVyNg71XkAAB7Xs.jpg
http://pbs.twimg.com/media/EVzC5eBXgAEKiIH.jpg
http://pbs.twimg.com/tweet_video_thumb/EW1VbTSWAAQaDyB.jpg
http://pbs.twimg.com/media/EW3kwZ-XsAAL23K.jpg
http://pbs.twimg.com/media/EWCdz8DWoAAKinv.jpg
http://pbs.twimg.com/media/EWTrIBkX0AAYPLG.png
http://pbs.twimg.com/media/EWWNkOBWkAEi_kf.jpg
http://pbs.twimg.com/tweet_video_thumb/EWiMj89XYAIHyqA.jpg
http://pbs.twimg.com/media/EWiR4FzXkAIlRuN.jpg
http://pbs.twimg.com/media/EWt9KCKXYAkTv7Z.jpg
http://pbs.twimg.com/media/EX5WtUgXYAA0Jgp.jpg
http://pbs.twimg.com/media/EX9ttIHWoAA9zwy.jpg
http://pbs.twimg.com/media/EXALl3yXkAAsrk0.png
http://pbs.twimg.com/media/EXFS6zbXQAAHaKX.png
http://pbs.twimg.com/media/EXLAMu_WkAA_UM6.jpg
http://pbs.twimg.com/tweet_video_thumb/EXRfnXRXsAIgwcR.jpg
http://pbs.twimg.com/media/EXWFCn5UEAY3p2q.png
http://pbs.twimg.com/media/EXZ6nBuWoAA4D_m.jpg
http://pbs.twimg.com/media/EXZvEInXYAAwex-.jpg
http://pbs.twimg.com/media/EXci1HuXkAEZD8O.png
http://pbs.twimg.com/media/EYEij14XgAEcWmQ.jpg
http://pbs.twimg.com/media/EYEoM4sXQAMKR3s.jpg
http://pbs.twimg.com/media/EYcis_uXQAAaDEC.jpg
http://pbs.twimg.com/media/EYcvK9ZWoAAw0P_.jpg
http://pbs.twimg.com/media/EYnlQo7XYAALEXJ.jpg
http://pbs.twimg.com/media/EYnndAeXYAAuDWD.jpg
http://pbs.twimg.com/media/EYtzWAFXgAE5iLf.jpg
http://pbs.twimg.com/media/EZ4oxWLXYAESE6N.jpg
http://pbs.twimg.com/media/EZCJcjGX0AEeey7.jpg
http://pbs.twimg.com/media/EZIixhSXQAEZNXf.jpg
http://pbs.twimg.com/media/EZRlyDlWAAIHEA2.jpg
http://pbs.twimg.com/media/EZvyT0jXgAA7bw5.jpg
http://pbs.twimg.com/media/E_BAsrBWUAwr79C.jpg
http://pbs.twimg.com/media/E_E_wukXoAstE4b.jpg
http://pbs.twimg.com/media/E_Fm6QFXsAE-Sbs.jpg
http://pbs.twimg.com/media/E_JqvLZXIAE1dev.jpg
http://pbs.twimg.com/media/E_ZAOsLWUAM-dhW.jpg
http://pbs.twimg.com/media/E_fp14_XEAQMwYl.jpg
http://pbs.twimg.com/media/E_jW_ENXsAAaUVi.jpg
http://pbs.twimg.com/media/E_kceKjXIAYfLCh.jpg
http://pbs.twimg.com/media/E_kid8MWQAIaGPn.jpg
http://pbs.twimg.com/media/E_pjrrpX0AQt8LN.jpg
http://pbs.twimg.com/media/EaPEbiJXsAQY6wK.jpg
http://pbs.twimg.com/media/EaaN4T1WoAcWzC5.jpg
http://pbs.twimg.com/media/EakgDT5XYAU3LFa.jpg
http://pbs.twimg.com/media/Eatr_WvWoAAg8Wt.jpg
http://pbs.twimg.com/media/Eau5pnwWsAAVtEs.jpg
http://pbs.twimg.com/media/Eax_ZFqXsAEUkta.jpg
http://pbs.twimg.com/media/EaycqHBX0AE-GSY.png
http://pbs.twimg.com/media/EbNP8R_UwAIlpqG.jpg
http://pbs.twimg.com/media/EbXTqbjXsAY-Ccc.jpg
http://pbs.twimg.com/media/EbnsgoOXgAMPtaM.jpg
http://pbs.twimg.com/media/Ec5wUReXgAcYPA5.jpg
http://pbs.twimg.com/media/EcZ1vG3WoAIy6bN.png
http://pbs.twimg.com/media/EcZacC1X0AEh38G.jpg
http://pbs.twimg.com/media/Ecec2D9XkAEbK2f.jpg
http://pbs.twimg.com/media/Ed3epsDWoAExiXW.jpg
http://pbs.twimg.com/media/Ed8TBZSWkAIW5ON.jpg
http://pbs.twimg.com/media/EdC3oqNWAAE5JsD.jpg
http://pbs.twimg.com/media/EdIMzDqX0AMBJPV.png
http://pbs.twimg.com/media/EdPDqULWsAYYrQG.jpg
http://pbs.twimg.com/media/Edc_eEWXsAU33Lf.jpg
http://pbs.twimg.com/media/EdeR9BVWsAMOFvs.png
http://pbs.twimg.com/media/EdecD19XgAIegVd.png
http://pbs.twimg.com/media/EdjTIv_WkAU7Z9_.png
http://pbs.twimg.com/media/EdpNJh0X0AEPgt2.jpg
http://pbs.twimg.com/media/EdsYAkTXsAEEaaz.jpg
http://pbs.twimg.com/tweet_video_thumb/EdtDLsLXoAAEpSn.jpg
http://pbs.twimg.com/media/EdtDqd_WAAIzB_0.png
http://pbs.twimg.com/media/EeFYI83X0AAC3HI.png
http://pbs.twimg.com/media/EePfS14XgAIJuDm.png
http://pbs.twimg.com/tweet_video_thumb/EejzrFMWoAUxk9e.jpg
http://pbs.twimg.com/media/Eeqn5sKWkAALFEm.jpg
http://pbs.twimg.com/media/EerOsRFXkAAC-zm.jpg
http://pbs.twimg.com/tweet_video_thumb/EfDcLhpX0AA_d9e.jpg
http://pbs.twimg.com/media/EfEJpR8WsAE6-6e.jpg
http://pbs.twimg.com/media/EfJm27CWoAUVSJD.jpg
http://pbs.twimg.com/media/EfKBVWBXsAImrPN.jpg
http://pbs.twimg.com/media/EfNruFpXsAAzeA_.jpg
http://pbs.twimg.com/media/EfSgJIXWsAEvruK.jpg
http://pbs.twimg.com/media/EfUQL0nXYAAvaHT.jpg
http://pbs.twimg.com/media/EfYb3G-WoAI1ktL.jpg
http://pbs.twimg.com/media/EfYj3TbXsAEUc2w.jpg
http://pbs.twimg.com/media/Efj4mXgWoAoV5yV.jpg
http://pbs.twimg.com/media/EfjX9GlWkAQlyNX.jpg
http://pbs.twimg.com/media/EfyBo1zXsAcSfDP.jpg
http://pbs.twimg.com/media/EfyUpJQWAAAHm7W.jpg
http://pbs.twimg.com/media/Eg6T1pqWkAAzCTJ.jpg
http://pbs.twimg.com/media/EgA39U3XgAAcSiI.jpg
http://pbs.twimg.com/media/EgAiXgrXoAATHfa.jpg
http://pbs.twimg.com/media/EgQC__3XgAAPQxM.jpg
http://pbs.twimg.com/media/EgRgEH8U8AQNkm6.jpg
http://pbs.twimg.com/tweet_video_thumb/Egb0KL6UMAA0W6b.jpg
http://pbs.twimg.com/media/EgcfAz_XkAA7lN4.jpg
http://pbs.twimg.com/media/EgmtJP0WAAE9par.jpg
http://pbs.twimg.com/media/EgxJwpbXgAEktdq.jpg
http://pbs.twimg.com/media/Eh-IAStWkAIegRM.jpg
http://pbs.twimg.com/media/Eh0ww4mXcAEOjN3.jpg
http://pbs.twimg.com/media/EhUtSxgXcAY70_z.jpg
http://pbs.twimg.com/media/EhZNeWSXYAA5RBI.jpg
http://pbs.twimg.com/media/EhZTIYUXkAESrAS.jpg
http://pbs.twimg.com/media/EhZU2BAXYAAKumn.jpg
http://pbs.twimg.com/media/Ehi_LUGXYAAZK2A.jpg
http://pbs.twimg.com/tweet_video_thumb/EhjK7bPXYAAYivj.jpg
http://pbs.twimg.com/media/EhkuxAjWAAATQDw.jpg
http://pbs.twimg.com/media/EhtMVgDXcAAd1WH.jpg
http://pbs.twimg.com/media/EhzU_WLX0AE4IkF.jpg
http://pbs.twimg.com/media/EiRTciCXgAIvwSi.jpg
http://pbs.twimg.com/media/EihIJrcWsAAaxEu.jpg
http://pbs.twimg.com/media/EiijOwCXsAUFwMO.jpg
http://pbs.twimg.com/media/EimtYeIXgAI9pAD.jpg
http://pbs.twimg.com/media/Eiwgq91WkAEUvd2.jpg
http://pbs.twimg.com/media/Ej1ELy3WoAIUMeb.jpg
http://pbs.twimg.com/media/Ej9GrtCWsAAwNWM.jpg
http://pbs.twimg.com/media/EjAZtGyXsAE1I3U.jpg
http://pbs.twimg.com/media/EjE-MROWAAI2TYY.jpg
http://pbs.twimg.com/media/EjGumNMXgAIJF4U.png
http://pbs.twimg.com/media/EjJ9OC6XYAApLFi.jpg
http://pbs.twimg.com/media/EjPFRmCXsAE2WTJ.jpg
http://pbs.twimg.com/media/EjUMYniWAAAuxsQ.jpg
http://pbs.twimg.com/media/EjWMKeXXYAARaIl.jpg
http://pbs.twimg.com/media/EjYs8qtXYAE8dfo.jpg
http://pbs.twimg.com/media/EjeYX7PWoAAwbz0.jpg
http://pbs.twimg.com/media/Ejej3ZxWkAAT0k1.jpg
http://pbs.twimg.com/media/EjlK-3bXgAM26Wy.jpg
http://pbs.twimg.com/media/EjlNItOXcAA2gBD.jpg
http://pbs.twimg.com/media/Ejlst9PXYAAnJzz.jpg
http://pbs.twimg.com/media/Ejq1iheXcAEAkfz.jpg
http://pbs.twimg.com/media/Ek4ImNAXgAckdmm.jpg
http://pbs.twimg.com/media/Ek7yE3-WAAEcNrW.jpg
http://pbs.twimg.com/media/EkFDLLYXcAEg_uu.jpg
http://pbs.twimg.com/media/EkIZL5SXYAAquzI.png
http://pbs.twimg.com/media/EkJ6IqVWAAcMPuK.jpg
http://pbs.twimg.com/media/EkOG6NCWAAUghV_.jpg
http://pbs.twimg.com/media/EkOu1iQXkAUAeBk.jpg
http://pbs.twimg.com/tweet_video_thumb/EkRxn8oXkAEZyZ4.jpg
http://pbs.twimg.com/media/EkTsBswWAAMMmq5.jpg
http://pbs.twimg.com/media/EkW6AXQXsAAXykp.jpg
http://pbs.twimg.com/media/EkiIAqyXIAEFEYm.jpg
http://pbs.twimg.com/media/Eks-4yxW0AE4vpd.png
http://pbs.twimg.com/media/El-wfv_XIAIyep9.jpg
http://pbs.twimg.com/media/El0vsbJWMAAMIOa.jpg
http://pbs.twimg.com/media/El6IhBMXEAE9RnC.jpg
http://pbs.twimg.com/media/El9yAqwXUAE9pxZ.jpg
http://pbs.twimg.com/media/ElApRtWXUAAmE9Z.jpg
http://pbs.twimg.com/media/ElG5TEFXUAIVgjj.jpg
http://pbs.twimg.com/media/ElL8RmpWAAAOLBX.jpg
http://pbs.twimg.com/media/ElQd4RjWoAgKb7K.jpg
http://pbs.twimg.com/media/ElVzzwqXgAIhg8m.jpg
http://pbs.twimg.com/media/Elb8ZFnWoAUcFdS.jpg
http://pbs.twimg.com/media/ElbNEt0X0AAGAQI.jpg
http://pbs.twimg.com/media/EllTJGNWMAI1heo.jpg
http://pbs.twimg.com/media/Em8iUVhXEAEE36s.png
http://pbs.twimg.com/media/EmDk_-CXUAUdaYH.jpg
http://pbs.twimg.com/media/EmFZnnRWMAAWr5N.jpg
http://pbs.twimg.com/media/EmKR8OjXIAAt08n.jpg
http://pbs.twimg.com/media/EmKXw8NXIAExEen.jpg
http://pbs.twimg.com/media/EmOJJulXUAAgKKS.jpg
http://pbs.twimg.com/media/Emerh4NW8AAujTM.jpg
http://pbs.twimg.com/media/Emfh98pW8AE3txe.jpg
http://pbs.twimg.com/media/Emi20ECXYAEsl-W.png
http://pbs.twimg.com/media/EmtaVr9W8AAqMTo.jpg
http://pbs.twimg.com/media/En62ZGDXEAM9TyB.jpg
http://pbs.twimg.com/media/En6itKhWMAQxY5m.jpg
http://pbs.twimg.com/media/En7N9mTW4AU3RwD.jpg
http://pbs.twimg.com/media/EnCDwZkXMAAE4da.jpg
http://pbs.twimg.com/media/EnGfVT8XYAEWSv6.jpg
http://pbs.twimg.com/media/EnHfCd3VQAEWox2.jpg
http://pbs.twimg.com/media/EnIIx3dWMAY-E9a.jpg
http://pbs.twimg.com/media/EnIXQp5XYAE4vBH.jpg
http://pbs.twimg.com/media/EnOLiIfWEAQ2oQW.jpg
http://pbs.twimg.com/media/EnQQt0LXUAcst4d.jpg
http://pbs.twimg.com/media/EnSnyXlXUAUQlem.jpg
http://pbs.twimg.com/media/EnYllhvXYAIwWHJ.jpg
http://pbs.twimg.com/media/Ena78zuWEAclBCw.jpg
http://pbs.twimg.com/media/EndgzISXEAYDnBr.jpg
http://pbs.twimg.com/media/Enf7WoGWEAcWXOV.jpg
http://pbs.twimg.com/media/Enm3YmuXYAALKpx.jpg
http://pbs.twimg.com/media/EnmBaiEXUAUSSAJ.jpg
http://pbs.twimg.com/media/EnmG1Z2XEAUC7lT.jpg
http://pbs.twimg.com/media/EnmlQgcWMAIbaQW.jpg
http://pbs.twimg.com/media/Enmm8w6XYAECE2K.jpg
http://pbs.twimg.com/media/EnsHubhXYAke8Tl.jpg
http://pbs.twimg.com/media/EnsSfLeXcAYY1rf.png
http://pbs.twimg.com/media/Eo-BcHgXUAIjo3V.jpg
http://pbs.twimg.com/media/Eo1J5qfW8AEDClC.jpg
http://pbs.twimg.com/media/EoAyua5XYAIHR6R.jpg
http://pbs.twimg.com/media/EoEBpV3XUAATEEL.jpg
http://pbs.twimg.com/media/EoE_hcdXYAU4h_U.jpg
http://pbs.twimg.com/media/EoErS5eXYAYbTA5.jpg
http://pbs.twimg.com/media/EoFMU69W8AUUEQx.jpg
http://pbs.twimg.com/media/EoLjNtkXIAA4hSh.jpg
http://pbs.twimg.com/media/EoU5O5dXcAMEQQo.jpg
http://pbs.twimg.com/media/EoVOvx1XYAIXATU.jpg
http://pbs.twimg.com/media/EoWsSePW4AMFT9I.jpg
http://pbs.twimg.com/media/EoYlaDBXMAAp4L5.jpg
http://pbs.twimg.com/media/EoYtyDWXYAUsqdR.png
http://pbs.twimg.com/media/EoZtJ7CXUAAwIeK.jpg
http://pbs.twimg.com/media/Eoeke1dW8AEMq14.jpg
http://pbs.twimg.com/media/Eol81osWEAI3d-5.jpg
http://pbs.twimg.com/media/EonxTB8XcAE5JDu.jpg
http://pbs.twimg.com/media/EopjT0kXMAMAfhG.jpg
http://pbs.twimg.com/media/Eor6zz5W8AEoXQu.jpg
http://pbs.twimg.com/media/EovZfhzW4AES9zn.jpg
http://pbs.twimg.com/media/EovavZ5XEAMFgfp.jpg
http://pbs.twimg.com/media/EoyYrnoW8AA3lTU.jpg
http://pbs.twimg.com/media/Ep1zsTmXMAAgX8_.jpg
http://pbs.twimg.com/media/Ep6lRbbXEAIt7OJ.png
http://pbs.twimg.com/tweet_video_thumb/EpBtx_nWMAAwVC6.jpg
http://pbs.twimg.com/media/EpCIzPjWMAAlIrY.jpg
http://pbs.twimg.com/media/EpHVVk-XUAAFL9F.jpg
http://pbs.twimg.com/media/EpWDU2FXUAEpb5_.jpg
http://pbs.twimg.com/media/EpbZ1WYWwAYzsYt.jpg
http://pbs.twimg.com/tweet_video_thumb/EphcaBKXEAEAHl7.jpg
http://pbs.twimg.com/media/EpsHHT2XcAETJRt.jpg
http://pbs.twimg.com/media/Epw6G6hXcAQ81CG.jpg
http://pbs.twimg.com/media/Eq6BklhXMAAqFJn.jpg
http://pbs.twimg.com/media/EqAGCK-WMAAAoID.jpg
http://pbs.twimg.com/media/EqB10eyXIAEt-tb.jpg
http://pbs.twimg.com/media/EqLbKH8XAAohoeW.png
http://pbs.twimg.com/media/EqU0n2_XMAIb_kF.jpg
http://pbs.twimg.com/media/EqVFZqRW8AEY3LC.jpg
http://pbs.twimg.com/media/EqZXZxEXUAA2bK5.png
http://pbs.twimg.com/media/EqaHXd_W4AESEDG.png
http://pbs.twimg.com/media/EqgEWvXW4AEK6B2.jpg
http://pbs.twimg.com/media/EqmoYk6XcAMaiVh.jpg
http://pbs.twimg.com/media/Er26M0eW4AICcm4.png
http://pbs.twimg.com/media/Er2EpG4XIAAAfVh.png
http://pbs.twimg.com/media/Er2OQkhXEAA1q-y.jpg
http://pbs.twimg.com/media/Er3kd0tW4AccdbB.jpg
http://pbs.twimg.com/tweet_video_thumb/Er7_mNPXcAEbpkh.jpg
http://pbs.twimg.com/media/ErFiHuNVgAAQ6G0.jpg
http://pbs.twimg.com/media/ErIsNPPW4AASdkp.png
http://pbs.twimg.com/media/ErNIPKbXUAEXodf.jpg
http://pbs.twimg.com/media/ErNkPH9XUAE-4e2.png
http://pbs.twimg.com/media/ErP1H4pW8AUhwa8.jpg
http://pbs.twimg.com/media/ErPQxXhXAAcLa5Y.jpg
http://pbs.twimg.com/media/ErP_GoDXcAA5UVD.jpg
http://pbs.twimg.com/media/ErUis1UXUAEy_EF.jpg
http://pbs.twimg.com/media/ErYozrfXIAM1jvK.jpg
http://pbs.twimg.com/media/ErcUSlxXMAMIcJT.jpg
http://pbs.twimg.com/media/Erd9xx6XcAElHbm.jpg
http://pbs.twimg.com/media/ErdkJwwW4AIQN5y.png
http://pbs.twimg.com/media/ErelVKZXEAAqkWK.png
http://pbs.twimg.com/media/ErewZOXXIAI06W3.jpg
http://pbs.twimg.com/media/ErnX-P0XMAMS9sB.jpg
http://pbs.twimg.com/media/ErnsDkEW4AEMdtu.jpg
http://pbs.twimg.com/media/Errx2-bXAAEAFeQ.png
http://pbs.twimg.com/media/ErtFuN1XAAQrD2x.jpg
http://pbs.twimg.com/media/Ertm4RzXYAExlvx.jpg
http://pbs.twimg.com/media/ErwzFd0W4AACMkx.jpg
http://pbs.twimg.com/media/Es0l4qrXEAAm5bt.jpg
http://pbs.twimg.com/media/Es0vy9QXMAIK3m5.jpg
http://pbs.twimg.com/media/EsA_7O1XAAEcEA4.jpg
http://pbs.twimg.com/media/EsAfhpbXYAEA8UB.png
http://pbs.twimg.com/media/EsAiC7LW4AMBS4-.jpg
http://pbs.twimg.com/media/EsBXQA2XMAUh0oV.jpg
http://pbs.twimg.com/media/EsFqezkXcAkUM5N.jpg
http://pbs.twimg.com/media/EsG2pfHW4AMp3xr.jpg
http://pbs.twimg.com/tweet_video_thumb/EsHD9VNXUAUNZZM.jpg
http://pbs.twimg.com/media/EsHEfYBWMAIDwZw.jpg
http://pbs.twimg.com/media/EsLpBt4XUAUJ0P3.jpg
http://pbs.twimg.com/media/Es_9JWOW8AED39d.jpg
http://pbs.twimg.com/media/Es_r0tsXUAQg8X3.jpg
http://pbs.twimg.com/media/EsaQZxHXcAEwXsN.jpg
http://pbs.twimg.com/media/EskWkUyW4AAivfF.jpg
http://pbs.twimg.com/media/Esl3FukXIAEY4Pw.png
http://pbs.twimg.com/media/Et3D4_xWgAI-lVz.jpg
http://pbs.twimg.com/media/Et3nk2LWYAErx0y.png
http://pbs.twimg.com/media/Et9Yy8rWQAM-0Mv.jpg
http://pbs.twimg.com/media/EtIsKH-XMAA6_t6.png
http://pbs.twimg.com/media/EtJPwkmXEAEHzX_.jpg
http://pbs.twimg.com/media/EtZIkpcXYAc702Z.jpg
http://pbs.twimg.com/media/EtaJBWBWQAAkaYn.jpg
http://pbs.twimg.com/media/EtshdKbWgAES7h4.jpg
http://pbs.twimg.com/media/EttcFZyWQAImw-P.png
http://pbs.twimg.com/media/Eu0wWjOXYAAGY03.png
http://pbs.twimg.com/media/Eu5_Il0WQAIHkxP.jpg
http://pbs.twimg.com/media/Eu7FhUSXMAIhabp.jpg
http://pbs.twimg.com/media/EuByvF0XUA4T1M_.png
http://pbs.twimg.com/media/EuHBa_jXMAYdwJQ.jpg
http://pbs.twimg.com/media/EuRr_bFXYAc7Nqv.jpg
http://pbs.twimg.com/media/EugMwCAXcAAoH8A.jpg
http://pbs.twimg.com/media/EumLcwbWgAIZBZ6.png
http://pbs.twimg.com/media/EuqSSEAWgAI0sNq.png
http://pbs.twimg.com/media/Eusda8EXIAEKR_q.jpg
http://pbs.twimg.com/media/Ev1PHdjXMAEsOdq.jpg
http://pbs.twimg.com/media/Ev4um0pWEAcNEbB.jpg
http://pbs.twimg.com/media/EvAc4HEXIAUXiUB.jpg
http://pbs.twimg.com/media/EvBI_j2XIAQI65x.jpg
http://pbs.twimg.com/media/EvKo6cUXMAQ2xkA.png
http://pbs.twimg.com/media/EvQKQAyXMAkf1ae.jpg
http://pbs.twimg.com/media/EvdtBHjWQAMokLv.png
http://pbs.twimg.com/media/EvfydwyWYAMTyFh.jpg
http://pbs.twimg.com/media/Evo3dMQWQAQ_WXE.jpg
http://pbs.twimg.com/tweet_video_thumb/EvzMC4SXYAca9qH.jpg
http://pbs.twimg.com/media/Ew1e0f8XAAYdJmb.jpg
http://pbs.twimg.com/media/Ew6b7c1XEAEwO2N.jpg
http://pbs.twimg.com/media/EwBwFz6WYAEtMo6.png
http://pbs.twimg.com/media/EwCSd89XMAI41OC.jpg
http://pbs.twimg.com/media/EwDpK-TWYAwtEf8.jpg
http://pbs.twimg.com/media/EwH7J6VXIAEuaBZ.jpg
http://pbs.twimg.com/media/EwIpiUOWYAYefKT.png
http://pbs.twimg.com/media/EwMQczDXAAMWYCu.jpg
http://pbs.twimg.com/media/EwMq5PNXIAUT8Wc.jpg
http://pbs.twimg.com/media/EwRU4tWWgAQqJIE.jpg
http://pbs.twimg.com/media/EwcwvaiXAAQAmu4.jpg
http://pbs.twimg.com/media/EwddfBGWQAEeg8f.jpg
http://pbs.twimg.com/media/EwhuRFcXIAc9jCd.jpg
http://pbs.twimg.com/media/EwiYnOZWgAEEPMz.jpg
http://pbs.twimg.com/media/EwmM3vwXAAIyhta.jpg
http://pbs.twimg.com/media/EwqwlNuWYAAObr5.png
http://pbs.twimg.com/media/Ewrq9QuWYAEXuom.jpg
http://pbs.twimg.com/media/EwsQeBLWQAApX3O.jpg
http://pbs.twimg.com/media/Eww3AhVWQAEdMPt.jpg
http://pbs.twimg.com/media/Ewxm8b8W8AQx0qL.png
http://pbs.twimg.com/media/EwxoSVCXEAQ8FKW.jpg
http://pbs.twimg.com/media/Ex1P91UWEAIf1W4.jpg
http://pbs.twimg.com/media/Ex3qj4uXIAAtiUl.jpg
http://pbs.twimg.com/media/Ex43DaZXIAA7sBW.png
http://pbs.twimg.com/media/Ex4etnvWgAMIdjJ.jpg
http://pbs.twimg.com/media/Ex4fhuzXIAESlmO.jpg
http://pbs.twimg.com/media/ExF6QWlWQAgfP25.jpg
http://pbs.twimg.com/media/ExGVKp6WgAUbtSy.png
http://pbs.twimg.com/media/ExHEiRFXMAA0GiR.jpg
http://pbs.twimg.com/media/ExHLqtVWYAUzWlc.jpg
http://pbs.twimg.com/media/ExJ_xP3XAAU0cZV.jpg
http://pbs.twimg.com/tweet_video_thumb/ExJoe9oXAAIYzzi.jpg
http://pbs.twimg.com/tweet_video_thumb/ExPP0k-XAAQmuOE.jpg
http://pbs.twimg.com/media/ExQI4BAXEAIdZ3q.png
http://pbs.twimg.com/media/ExYq5W2XIAEKEP-.jpg
http://pbs.twimg.com/media/ExaE3JuXIAo6HDN.jpg
http://pbs.twimg.com/media/ExgMuLHXAAYjWll.png
http://pbs.twimg.com/media/Exon1cFWUAEHnTQ.jpg
http://pbs.twimg.com/media/ExqFlRPXIAUgKaO.jpg
http://pbs.twimg.com/media/Ext5zAtXIAAFyfd.jpg
http://pbs.twimg.com/media/Exvph-nXMAAwSBJ.jpg
http://pbs.twimg.com/media/ExvwtGhWgAAAl8r.png
http://pbs.twimg.com/media/Ey6pnGEWgAAp5ip.jpg
http://pbs.twimg.com/media/Ey83SQHW8AAAPdY.png
http://pbs.twimg.com/media/Ey8hPuLWQAMA9uu.jpg
http://pbs.twimg.com/media/Ey8ut-hWYAgSDnY.jpg
http://pbs.twimg.com/media/Ey9j4bQXIAIyCLk.jpg
http://pbs.twimg.com/media/EyCKQjGW8AA0skb.jpg
http://pbs.twimg.com/media/EyDzvisWYAMh61q.png
http://pbs.twimg.com/media/EyE-tXTXMAAUluU.jpg
http://pbs.twimg.com/media/EyH9bvDWYAAOZM5.jpg
http://pbs.twimg.com/media/EyInr6oWgAYIg9c.jpg
http://pbs.twimg.com/media/EyODUKtXIAIyVxp.jpg
http://pbs.twimg.com/media/EyOMFEBXAAQ4Wiy.jpg
http://pbs.twimg.com/media/EyRuVkLXAAEmE-L.jpg
http://pbs.twimg.com/media/Eyc5CAsXMAEjAnP.jpg
http://pbs.twimg.com/media/EyeRHT8WQAY6eFv.jpg
http://pbs.twimg.com/media/EyipOByW8AQe1K3.jpg
http://pbs.twimg.com/media/EyjoB7oWYAI4tqG.jpg
http://pbs.twimg.com/media/EynKyTyXAAA9waQ.png
http://pbs.twimg.com/media/EynYv0LW8AEwcFy.jpg
http://pbs.twimg.com/media/Eys0JspWEAIAz_s.png
http://pbs.twimg.com/media/Eysf5g-XEAY3kfG.jpg
http://pbs.twimg.com/media/Eyw8BNhWYAQStgU.jpg
http://pbs.twimg.com/media/EywJY6aWYAIMFnr.png
http://pbs.twimg.com/media/EyxvKEEXIAMYs8k.png
http://pbs.twimg.com/media/Ez5LCQFXMAAN3T5.jpg
http://pbs.twimg.com/media/Ez6BJTWXIAMj943.png
http://pbs.twimg.com/media/Ez9pPXXXoAMBvDj.jpg
http://pbs.twimg.com/media/EzBUvR1WEAYOpcH.jpg
http://pbs.twimg.com/media/EzBic8GXMAEx-Qr.jpg
http://pbs.twimg.com/media/EzGuTGOXMAocJIr.png
http://pbs.twimg.com/media/EzLeBSMVEAYwR_9.jpg
http://pbs.twimg.com/media/EzLpKREUcAY8Y5k.png
http://pbs.twimg.com/media/EzPrj8QVkAAHCnw.jpg
http://pbs.twimg.com/media/EzQlHQvUcAUovmS.jpg
http://pbs.twimg.com/media/EzRFpSiVUAAQpQG.jpg
http://pbs.twimg.com/media/EzVEt20VkAcit9W.jpg
http://pbs.twimg.com/media/EzW_S-CVoAY67cq.jpg
http://pbs.twimg.com/media/EzaW_BJWYAUkHgo.jpg
http://pbs.twimg.com/media/EzanFACXsAE_8N6.jpg
http://pbs.twimg.com/media/EzbIYH4WEAIht34.jpg
http://pbs.twimg.com/media/EzcYSXyUUAAbYRS.jpg
http://pbs.twimg.com/media/EzfvegrWYAEhGyp.jpg
http://pbs.twimg.com/media/EzguYwsXIAcSeV5.jpg
http://pbs.twimg.com/tweet_video_thumb/EzmTJJ4X0AoFk3d.jpg
http://pbs.twimg.com/media/Ezq-WnqXEAEN-ps.jpg
http://pbs.twimg.com/media/EzvVa-4X0AMmAE-.jpg
http://pbs.twimg.com/media/Ezz8pqSXMAQKXOa.jpg
